SF:/Users/christianfindlay/Documents/Code/Deslop/crates/deslop-mcp/src/backend/filters.rs
FN:24,_RNCNCNvNtNtCs1J9dGPwqAVE_10deslop_mcp7backend7filters23filter_clusters_by_path00B9_
FN:43,_RNCNCNvNtNtCs1J9dGPwqAVE_10deslop_mcp7backend7filters24filter_clusters_by_range00B9_
FN:68,_RNCNvNtNtCs1J9dGPwqAVE_10deslop_mcp7backend7filters11paths_equal0B7_
FN:20,_RNCNvNtNtCs1J9dGPwqAVE_10deslop_mcp7backend7filters23filter_clusters_by_path0B7_
FN:42,_RNCNvNtNtCs1J9dGPwqAVE_10deslop_mcp7backend7filters24filter_clusters_by_range0B7_
FN:66,_RNvNtNtCs1J9dGPwqAVE_10deslop_mcp7backend7filters11paths_equal
FN:53,_RNvNtNtCs1J9dGPwqAVE_10deslop_mcp7backend7filters19occurrence_overlaps
FN:12,_RNvNtNtCs1J9dGPwqAVE_10deslop_mcp7backend7filters23filter_clusters_by_path
FN:32,_RNvNtNtCs1J9dGPwqAVE_10deslop_mcp7backend7filters24filter_clusters_by_range
FN:66,_RNvNtNtCsdnuybaKQr2n_10deslop_mcp7backend7filters11paths_equal
FN:53,_RNvNtNtCsdnuybaKQr2n_10deslop_mcp7backend7filters19occurrence_overlaps
FN:12,_RNvNtNtCsdnuybaKQr2n_10deslop_mcp7backend7filters23filter_clusters_by_path
FN:32,_RNvNtNtCsdnuybaKQr2n_10deslop_mcp7backend7filters24filter_clusters_by_range
FN:24,_RNCNCNvNtNtCsdnuybaKQr2n_10deslop_mcp7backend7filters23filter_clusters_by_path00B9_
FN:43,_RNCNCNvNtNtCsdnuybaKQr2n_10deslop_mcp7backend7filters24filter_clusters_by_range00B9_
FN:68,_RNCNvNtNtCsdnuybaKQr2n_10deslop_mcp7backend7filters11paths_equal0B7_
FN:20,_RNCNvNtNtCsdnuybaKQr2n_10deslop_mcp7backend7filters23filter_clusters_by_path0B7_
FN:42,_RNCNvNtNtCsdnuybaKQr2n_10deslop_mcp7backend7filters24filter_clusters_by_range0B7_
FNDA:0,_RNCNCNvNtNtCs1J9dGPwqAVE_10deslop_mcp7backend7filters23filter_clusters_by_path00B9_
FNDA:0,_RNCNCNvNtNtCs1J9dGPwqAVE_10deslop_mcp7backend7filters24filter_clusters_by_range00B9_
FNDA:0,_RNCNvNtNtCs1J9dGPwqAVE_10deslop_mcp7backend7filters11paths_equal0B7_
FNDA:0,_RNCNvNtNtCs1J9dGPwqAVE_10deslop_mcp7backend7filters23filter_clusters_by_path0B7_
FNDA:0,_RNCNvNtNtCs1J9dGPwqAVE_10deslop_mcp7backend7filters24filter_clusters_by_range0B7_
FNDA:0,_RNvNtNtCs1J9dGPwqAVE_10deslop_mcp7backend7filters11paths_equal
FNDA:0,_RNvNtNtCs1J9dGPwqAVE_10deslop_mcp7backend7filters19occurrence_overlaps
FNDA:0,_RNvNtNtCs1J9dGPwqAVE_10deslop_mcp7backend7filters23filter_clusters_by_path
FNDA:0,_RNvNtNtCs1J9dGPwqAVE_10deslop_mcp7backend7filters24filter_clusters_by_range
FNDA:10,_RNvNtNtCsdnuybaKQr2n_10deslop_mcp7backend7filters11paths_equal
FNDA:1,_RNvNtNtCsdnuybaKQr2n_10deslop_mcp7backend7filters19occurrence_overlaps
FNDA:3,_RNvNtNtCsdnuybaKQr2n_10deslop_mcp7backend7filters23filter_clusters_by_path
FNDA:2,_RNvNtNtCsdnuybaKQr2n_10deslop_mcp7backend7filters24filter_clusters_by_range
FNDA:6,_RNCNCNvNtNtCsdnuybaKQr2n_10deslop_mcp7backend7filters23filter_clusters_by_path00B9_
FNDA:4,_RNCNCNvNtNtCsdnuybaKQr2n_10deslop_mcp7backend7filters24filter_clusters_by_range00B9_
FNDA:10,_RNCNvNtNtCsdnuybaKQr2n_10deslop_mcp7backend7filters11paths_equal0B7_
FNDA:3,_RNCNvNtNtCsdnuybaKQr2n_10deslop_mcp7backend7filters23filter_clusters_by_path0B7_
FNDA:2,_RNCNvNtNtCsdnuybaKQr2n_10deslop_mcp7backend7filters24filter_clusters_by_range0B7_
FNF:9
FNH:9
DA:12,3
DA:13,3
DA:14,3
DA:15,3
DA:16,3
DA:17,3
DA:18,3
DA:19,3
DA:20,3
DA:21,3
DA:22,3
DA:23,3
DA:24,6
DA:25,3
DA:26,3
DA:27,3
DA:28,3
DA:32,2
DA:33,2
DA:34,2
DA:35,2
DA:36,2
DA:37,2
DA:38,2
DA:39,2
DA:40,2
DA:41,2
DA:42,2
DA:43,4
DA:44,4
DA:45,1
DA:46,4
DA:47,2
DA:48,2
DA:49,2
DA:50,2
DA:53,1
DA:54,1
DA:55,1
DA:56,1
DA:57,1
DA:58,1
DA:59,1
DA:66,10
DA:67,10
DA:68,10
DA:69,10
BRF:0
BRH:0
LF:52
LH:52
end_of_record
SF:/Users/christianfindlay/Documents/Code/Deslop/crates/deslop-mcp/src/lib.rs
FN:44,_RNvCs1J9dGPwqAVE_10deslop_mcp7version
FN:44,_RNvCsdnuybaKQr2n_10deslop_mcp7version
FNDA:0,_RNvCs1J9dGPwqAVE_10deslop_mcp7version
FNDA:74,_RNvCsdnuybaKQr2n_10deslop_mcp7version
FNF:1
FNH:1
DA:44,74
DA:45,74
DA:46,74
BRF:0
BRH:0
LF:3
LH:3
end_of_record
SF:/Users/christianfindlay/Documents/Code/Deslop/crates/deslop-mcp/src/page.rs
FN:111,_RNCNCNvMNtCs1J9dGPwqAVE_10deslop_mcp4pageNtB6_12QueryFilters7matchess_00B8_
FN:102,_RNCNvMNtCs1J9dGPwqAVE_10deslop_mcp4pageNtB4_12QueryFilters7matches0B6_
FN:108,_RNCNvMNtCs1J9dGPwqAVE_10deslop_mcp4pageNtB4_12QueryFilters7matchess_0B6_
FN:223,_RNCNvMs_NtCs1J9dGPwqAVE_10deslop_mcp4pageNtB6_14ClusterSummary19from_report_cluster0B8_
FN:230,_RNCNvMs_NtCs1J9dGPwqAVE_10deslop_mcp4pageNtB6_14ClusterSummary19from_report_clusters_0B8_
FN:168,_RNCNvNtCs1J9dGPwqAVE_10deslop_mcp4page10build_page0B5_
FN:179,_RNCNvNtCs1J9dGPwqAVE_10deslop_mcp4page10build_pages_0B5_
FN:250,_RNCNvNtCs1J9dGPwqAVE_10deslop_mcp4page17language_for_path0B5_
FN:123,_RNvMNtCs1J9dGPwqAVE_10deslop_mcp4pageNtB2_12QueryFilters4echo
FN:82,_RNvMNtCs1J9dGPwqAVE_10deslop_mcp4pageNtB2_12QueryFilters7matches
FN:221,_RNvMs_NtCs1J9dGPwqAVE_10deslop_mcp4pageNtB4_14ClusterSummary19from_report_cluster
FN:159,_RNvNtCs1J9dGPwqAVE_10deslop_mcp4page10build_page
FN:247,_RNvNtCs1J9dGPwqAVE_10deslop_mcp4page17language_for_path
FN:111,_RNCNCNvMNtCsdnuybaKQr2n_10deslop_mcp4pageNtB6_12QueryFilters7matchess_00B8_
FN:102,_RNCNvMNtCsdnuybaKQr2n_10deslop_mcp4pageNtB4_12QueryFilters7matches0B6_
FN:108,_RNCNvMNtCsdnuybaKQr2n_10deslop_mcp4pageNtB4_12QueryFilters7matchess_0B6_
FN:223,_RNCNvMs_NtCsdnuybaKQr2n_10deslop_mcp4pageNtB6_14ClusterSummary19from_report_cluster0B8_
FN:230,_RNCNvMs_NtCsdnuybaKQr2n_10deslop_mcp4pageNtB6_14ClusterSummary19from_report_clusters_0B8_
FN:168,_RNCNvNtCsdnuybaKQr2n_10deslop_mcp4page10build_page0B5_
FN:179,_RNCNvNtCsdnuybaKQr2n_10deslop_mcp4page10build_pages_0B5_
FN:250,_RNCNvNtCsdnuybaKQr2n_10deslop_mcp4page17language_for_path0B5_
FN:123,_RNvMNtCsdnuybaKQr2n_10deslop_mcp4pageNtB2_12QueryFilters4echo
FN:82,_RNvMNtCsdnuybaKQr2n_10deslop_mcp4pageNtB2_12QueryFilters7matches
FN:221,_RNvMs_NtCsdnuybaKQr2n_10deslop_mcp4pageNtB4_14ClusterSummary19from_report_cluster
FN:159,_RNvNtCsdnuybaKQr2n_10deslop_mcp4page10build_page
FN:247,_RNvNtCsdnuybaKQr2n_10deslop_mcp4page17language_for_path
FNDA:0,_RNCNCNvMNtCs1J9dGPwqAVE_10deslop_mcp4pageNtB6_12QueryFilters7matchess_00B8_
FNDA:0,_RNCNvMNtCs1J9dGPwqAVE_10deslop_mcp4pageNtB4_12QueryFilters7matches0B6_
FNDA:0,_RNCNvMNtCs1J9dGPwqAVE_10deslop_mcp4pageNtB4_12QueryFilters7matchess_0B6_
FNDA:0,_RNCNvMs_NtCs1J9dGPwqAVE_10deslop_mcp4pageNtB6_14ClusterSummary19from_report_cluster0B8_
FNDA:0,_RNCNvMs_NtCs1J9dGPwqAVE_10deslop_mcp4pageNtB6_14ClusterSummary19from_report_clusters_0B8_
FNDA:0,_RNCNvNtCs1J9dGPwqAVE_10deslop_mcp4page10build_page0B5_
FNDA:0,_RNCNvNtCs1J9dGPwqAVE_10deslop_mcp4page10build_pages_0B5_
FNDA:0,_RNCNvNtCs1J9dGPwqAVE_10deslop_mcp4page17language_for_path0B5_
FNDA:0,_RNvMNtCs1J9dGPwqAVE_10deslop_mcp4pageNtB2_12QueryFilters4echo
FNDA:0,_RNvMNtCs1J9dGPwqAVE_10deslop_mcp4pageNtB2_12QueryFilters7matches
FNDA:0,_RNvMs_NtCs1J9dGPwqAVE_10deslop_mcp4pageNtB4_14ClusterSummary19from_report_cluster
FNDA:0,_RNvNtCs1J9dGPwqAVE_10deslop_mcp4page10build_page
FNDA:0,_RNvNtCs1J9dGPwqAVE_10deslop_mcp4page17language_for_path
FNDA:4,_RNCNCNvMNtCsdnuybaKQr2n_10deslop_mcp4pageNtB6_12QueryFilters7matchess_00B8_
FNDA:3,_RNCNvMNtCsdnuybaKQr2n_10deslop_mcp4pageNtB4_12QueryFilters7matches0B6_
FNDA:4,_RNCNvMNtCsdnuybaKQr2n_10deslop_mcp4pageNtB4_12QueryFilters7matchess_0B6_
FNDA:16,_RNCNvMs_NtCsdnuybaKQr2n_10deslop_mcp4pageNtB6_14ClusterSummary19from_report_cluster0B8_
FNDA:16,_RNCNvMs_NtCsdnuybaKQr2n_10deslop_mcp4pageNtB6_14ClusterSummary19from_report_clusters_0B8_
FNDA:22,_RNCNvNtCsdnuybaKQr2n_10deslop_mcp4page10build_page0B5_
FNDA:16,_RNCNvNtCsdnuybaKQr2n_10deslop_mcp4page10build_pages_0B5_
FNDA:19,_RNCNvNtCsdnuybaKQr2n_10deslop_mcp4page17language_for_path0B5_
FNDA:24,_RNvMNtCsdnuybaKQr2n_10deslop_mcp4pageNtB2_12QueryFilters4echo
FNDA:22,_RNvMNtCsdnuybaKQr2n_10deslop_mcp4pageNtB2_12QueryFilters7matches
FNDA:16,_RNvMs_NtCsdnuybaKQr2n_10deslop_mcp4pageNtB4_14ClusterSummary19from_report_cluster
FNDA:24,_RNvNtCsdnuybaKQr2n_10deslop_mcp4page10build_page
FNDA:19,_RNvNtCsdnuybaKQr2n_10deslop_mcp4page17language_for_path
FNF:13
FNH:13
DA:82,22
DA:83,22
DA:84,2
DA:85,1
DA:86,1
DA:87,20
DA:88,21
DA:89,3
DA:90,1
DA:91,2
DA:92,18
DA:93,20
DA:94,2
DA:95,1
DA:96,1
DA:97,18
DA:98,19
DA:99,3
DA:100,3
DA:101,3
DA:102,3
DA:103,3
DA:104,1
DA:105,2
DA:106,16
DA:107,18
DA:108,4
DA:109,4
DA:110,4
DA:111,4
DA:112,4
DA:113,2
DA:114,1
DA:115,1
DA:116,16
DA:117,17
DA:118,22
DA:123,24
DA:124,24
DA:125,24
DA:126,3
DA:127,21
DA:128,24
DA:129,2
DA:130,22
DA:131,24
DA:132,2
DA:133,22
DA:134,24
DA:135,2
DA:136,22
DA:137,24
DA:138,3
DA:139,21
DA:140,24
DA:141,24
DA:159,24
DA:160,24
DA:161,24
DA:162,24
DA:163,24
DA:164,24
DA:165,24
DA:166,24
DA:167,24
DA:168,24
DA:169,24
DA:170,24
DA:171,24
DA:172,24
DA:173,24
DA:174,24
DA:175,24
DA:176,24
DA:177,24
DA:178,24
DA:179,24
DA:180,24
DA:181,24
DA:183,24
DA:184,24
DA:185,24
DA:186,24
DA:187,24
DA:188,24
DA:189,24
DA:190,24
DA:191,24
DA:192,24
DA:193,24
DA:194,24
DA:196,24
DA:197,24
DA:198,24
DA:199,24
DA:200,24
DA:201,24
DA:202,24
DA:204,24
DA:207,24
DA:208,24
DA:209,24
DA:210,11
DA:211,11
DA:212,11
DA:213,13
DA:214,0
DA:216,24
DA:217,24
DA:221,16
DA:222,16
DA:223,16
DA:224,16
DA:225,16
DA:226,16
DA:227,16
DA:228,16
DA:229,16
DA:230,16
DA:231,16
DA:232,16
DA:233,16
DA:234,16
DA:235,16
DA:236,16
DA:237,16
DA:238,16
DA:239,16
DA:240,16
DA:241,16
DA:247,19
DA:248,19
DA:249,19
DA:250,19
DA:251,19
DA:252,19
DA:254,19
DA:255,0
DA:256,0
DA:257,0
DA:259,19
BRF:0
BRH:0
LF:148
LH:144
end_of_record
SF:/Users/christianfindlay/Documents/Code/Deslop/crates/deslop-mcp/src/protocol.rs
FN:109,_RINvMs0_NtCs1J9dGPwqAVE_10deslop_mcp8protocolNtB6_12JsonRpcError3newpEB8_
FN:58,_RNvMNtCs1J9dGPwqAVE_10deslop_mcp8protocolNtB2_15JsonRpcResponse2ok
FN:84,_RNvMs_NtCs1J9dGPwqAVE_10deslop_mcp8protocolNtB4_20JsonRpcErrorResponse3new
FN:58,_RNvMNtCsdnuybaKQr2n_10deslop_mcp8protocolNtB2_15JsonRpcResponse2ok
FN:84,_RNvMs_NtCsdnuybaKQr2n_10deslop_mcp8protocolNtB4_20JsonRpcErrorResponse3new
FN:109,_RINvMs0_NtCsdnuybaKQr2n_10deslop_mcp8protocolNtB6_12JsonRpcError3newNtNtCs1OjIl8oxbrv_5alloc6string6StringEB8_
FN:109,_RINvMs0_NtCsdnuybaKQr2n_10deslop_mcp8protocolNtB6_12JsonRpcError3newReEB8_
FNDA:0,_RINvMs0_NtCs1J9dGPwqAVE_10deslop_mcp8protocolNtB6_12JsonRpcError3newpEB8_
FNDA:0,_RNvMNtCs1J9dGPwqAVE_10deslop_mcp8protocolNtB2_15JsonRpcResponse2ok
FNDA:0,_RNvMs_NtCs1J9dGPwqAVE_10deslop_mcp8protocolNtB4_20JsonRpcErrorResponse3new
FNDA:121,_RNvMNtCsdnuybaKQr2n_10deslop_mcp8protocolNtB2_15JsonRpcResponse2ok
FNDA:32,_RNvMs_NtCsdnuybaKQr2n_10deslop_mcp8protocolNtB4_20JsonRpcErrorResponse3new
FNDA:28,_RINvMs0_NtCsdnuybaKQr2n_10deslop_mcp8protocolNtB6_12JsonRpcError3newNtNtCs1OjIl8oxbrv_5alloc6string6StringEB8_
FNDA:4,_RINvMs0_NtCsdnuybaKQr2n_10deslop_mcp8protocolNtB6_12JsonRpcError3newReEB8_
FNF:3
FNH:3
DA:58,121
DA:59,121
DA:60,121
DA:61,121
DA:62,121
DA:63,121
DA:64,121
DA:84,32
DA:85,32
DA:86,32
DA:87,32
DA:88,32
DA:89,32
DA:90,32
DA:109,32
DA:110,32
DA:111,32
DA:112,32
DA:113,32
DA:114,32
DA:115,32
BRF:0
BRH:0
LF:21
LH:21
end_of_record
SF:/Users/christianfindlay/Documents/Code/Deslop/crates/deslop-mcp/src/resources.rs
FN:63,_RNCNvNtCs1J9dGPwqAVE_10deslop_mcp9resources13read_resource0B5_
FN:59,_RNvNtCs1J9dGPwqAVE_10deslop_mcp9resources13read_resource
FN:33,_RNvNtCs1J9dGPwqAVE_10deslop_mcp9resources22resources_list_payload
FN:59,_RNvNtCsdnuybaKQr2n_10deslop_mcp9resources13read_resource
FN:33,_RNvNtCsdnuybaKQr2n_10deslop_mcp9resources22resources_list_payload
FN:63,_RNCNvNtCsdnuybaKQr2n_10deslop_mcp9resources13read_resource0B5_
FNDA:0,_RNCNvNtCs1J9dGPwqAVE_10deslop_mcp9resources13read_resource0B5_
FNDA:0,_RNvNtCs1J9dGPwqAVE_10deslop_mcp9resources13read_resource
FNDA:0,_RNvNtCs1J9dGPwqAVE_10deslop_mcp9resources22resources_list_payload
FNDA:3,_RNvNtCsdnuybaKQr2n_10deslop_mcp9resources13read_resource
FNDA:1,_RNvNtCsdnuybaKQr2n_10deslop_mcp9resources22resources_list_payload
FNDA:0,_RNCNvNtCsdnuybaKQr2n_10deslop_mcp9resources13read_resource0B5_
FNF:3
FNH:2
DA:33,1
DA:34,1
DA:35,1
DA:37,1
DA:38,1
DA:39,1
DA:40,1
DA:43,1
DA:44,1
DA:45,1
DA:46,1
DA:50,1
DA:59,3
DA:60,3
DA:61,3
DA:62,1
DA:63,1
DA:64,1
DA:65,1
DA:66,1
DA:67,1
DA:68,1
DA:69,1
DA:70,1
DA:72,2
DA:73,1
DA:74,1
DA:75,1
DA:76,1
DA:77,1
DA:78,1
DA:79,1
DA:80,1
DA:82,1
DA:83,1
DA:84,1
DA:85,1
DA:87,3
BRF:0
BRH:0
LF:39
LH:38
end_of_record
SF:/Users/christianfindlay/Documents/Code/Deslop/crates/deslop-mcp/src/tools/schemas.rs
FN:6,_RNvNtNtCs1J9dGPwqAVE_10deslop_mcp5tools7schemas12schema_empty
FN:17,_RNvNtNtCs1J9dGPwqAVE_10deslop_mcp5tools7schemas17schema_report_get
FN:75,_RNvNtNtCs1J9dGPwqAVE_10deslop_mcp5tools7schemas19schema_find_similar
FN:31,_RNvNtNtCs1J9dGPwqAVE_10deslop_mcp5tools7schemas19schema_report_query
FN:105,_RNvNtNtCs1J9dGPwqAVE_10deslop_mcp5tools7schemas20schema_cluster_by_id
FN:94,_RNvNtNtCs1J9dGPwqAVE_10deslop_mcp5tools7schemas20schema_top_offenders
FN:49,_RNvNtNtCs1J9dGPwqAVE_10deslop_mcp5tools7schemas22schema_report_for_file
FN:61,_RNvNtNtCs1J9dGPwqAVE_10deslop_mcp5tools7schemas23schema_report_for_range
FN:117,_RNvNtNtCs1J9dGPwqAVE_10deslop_mcp5tools7schemas26schema_set_embedding_model
FN:6,_RNvNtNtCsdnuybaKQr2n_10deslop_mcp5tools7schemas12schema_empty
FN:17,_RNvNtNtCsdnuybaKQr2n_10deslop_mcp5tools7schemas17schema_report_get
FN:75,_RNvNtNtCsdnuybaKQr2n_10deslop_mcp5tools7schemas19schema_find_similar
FN:31,_RNvNtNtCsdnuybaKQr2n_10deslop_mcp5tools7schemas19schema_report_query
FN:105,_RNvNtNtCsdnuybaKQr2n_10deslop_mcp5tools7schemas20schema_cluster_by_id
FN:94,_RNvNtNtCsdnuybaKQr2n_10deslop_mcp5tools7schemas20schema_top_offenders
FN:49,_RNvNtNtCsdnuybaKQr2n_10deslop_mcp5tools7schemas22schema_report_for_file
FN:61,_RNvNtNtCsdnuybaKQr2n_10deslop_mcp5tools7schemas23schema_report_for_range
FN:117,_RNvNtNtCsdnuybaKQr2n_10deslop_mcp5tools7schemas26schema_set_embedding_model
FNDA:0,_RNvNtNtCs1J9dGPwqAVE_10deslop_mcp5tools7schemas12schema_empty
FNDA:0,_RNvNtNtCs1J9dGPwqAVE_10deslop_mcp5tools7schemas17schema_report_get
FNDA:0,_RNvNtNtCs1J9dGPwqAVE_10deslop_mcp5tools7schemas19schema_find_similar
FNDA:0,_RNvNtNtCs1J9dGPwqAVE_10deslop_mcp5tools7schemas19schema_report_query
FNDA:0,_RNvNtNtCs1J9dGPwqAVE_10deslop_mcp5tools7schemas20schema_cluster_by_id
FNDA:0,_RNvNtNtCs1J9dGPwqAVE_10deslop_mcp5tools7schemas20schema_top_offenders
FNDA:0,_RNvNtNtCs1J9dGPwqAVE_10deslop_mcp5tools7schemas22schema_report_for_file
FNDA:0,_RNvNtNtCs1J9dGPwqAVE_10deslop_mcp5tools7schemas23schema_report_for_range
FNDA:0,_RNvNtNtCs1J9dGPwqAVE_10deslop_mcp5tools7schemas26schema_set_embedding_model
FNDA:12,_RNvNtNtCsdnuybaKQr2n_10deslop_mcp5tools7schemas12schema_empty
FNDA:6,_RNvNtNtCsdnuybaKQr2n_10deslop_mcp5tools7schemas17schema_report_get
FNDA:6,_RNvNtNtCsdnuybaKQr2n_10deslop_mcp5tools7schemas19schema_find_similar
FNDA:6,_RNvNtNtCsdnuybaKQr2n_10deslop_mcp5tools7schemas19schema_report_query
FNDA:6,_RNvNtNtCsdnuybaKQr2n_10deslop_mcp5tools7schemas20schema_cluster_by_id
FNDA:6,_RNvNtNtCsdnuybaKQr2n_10deslop_mcp5tools7schemas20schema_top_offenders
FNDA:6,_RNvNtNtCsdnuybaKQr2n_10deslop_mcp5tools7schemas22schema_report_for_file
FNDA:6,_RNvNtNtCsdnuybaKQr2n_10deslop_mcp5tools7schemas23schema_report_for_range
FNDA:6,_RNvNtNtCsdnuybaKQr2n_10deslop_mcp5tools7schemas26schema_set_embedding_model
FNF:9
FNH:9
DA:6,12
DA:7,12
DA:8,12
DA:9,12
DA:10,12
DA:12,12
DA:17,6
DA:18,6
DA:19,6
DA:20,6
DA:21,6
DA:22,6
DA:24,6
DA:25,6
DA:27,6
DA:31,6
DA:32,6
DA:33,6
DA:34,6
DA:35,6
DA:36,6
DA:37,6
DA:38,6
DA:39,6
DA:40,6
DA:41,6
DA:43,6
DA:44,6
DA:46,6
DA:49,6
DA:50,6
DA:51,6
DA:52,6
DA:53,6
DA:55,6
DA:56,6
DA:58,6
DA:61,6
DA:62,6
DA:63,6
DA:64,6
DA:65,6
DA:66,6
DA:67,6
DA:69,6
DA:70,6
DA:72,6
DA:75,6
DA:76,6
DA:77,6
DA:78,6
DA:79,6
DA:80,6
DA:81,6
DA:82,6
DA:83,6
DA:84,6
DA:85,6
DA:87,6
DA:89,6
DA:91,6
DA:94,6
DA:95,6
DA:96,6
DA:97,6
DA:98,6
DA:100,6
DA:102,6
DA:105,6
DA:106,6
DA:107,6
DA:108,6
DA:109,6
DA:111,6
DA:112,6
DA:114,6
DA:117,6
DA:118,6
DA:119,6
DA:120,6
DA:121,6
DA:122,6
DA:123,6
DA:124,6
DA:125,6
DA:126,6
DA:127,6
DA:130,6
DA:131,6
DA:133,6
BRF:0
BRH:0
LF:90
LH:90
end_of_record